<?xml version="1.0" encoding="UTF-8"?>
<testsuite name="com.example.project.TestInsertionSort" tests="6" skipped="0" failures="0" errors="0" timestamp="2025-02-26T14:04:50" hostname="codespaces-fe0658" time="0.121">
  <properties/>
  <testcase name="testInsertionSort_EmptyArray()" classname="com.example.project.TestInsertionSort" time="0.021"/>
  <testcase name="testInsertionSort_ReverseSortedArray()" classname="com.example.project.TestInsertionSort" time="0.002"/>
  <testcase name="testInsertionSort_UnsortedArray()" classname="com.example.project.TestInsertionSort" time="0.002"/>
  <testcase name="testInsertionSort_AlreadySortedArray()" classname="com.example.project.TestInsertionSort" time="0.001"/>
  <testcase name="testInsertionSort_SingleElementArray()" classname="com.example.project.TestInsertionSort" time="0.002"/>
  <testcase name="testSelectionSort_Words()" classname="com.example.project.TestInsertionSort" time="0.077"/>
  <system-out><![CDATA[LOOP COUNTER: INSERTION: 0
LOOP COUNTER: INSERTION: 10
LOOP COUNTER: INSERTION: 5
LOOP COUNTER: INSERTION: 0
LOOP COUNTER: INSERTION: 0
]]></system-out>
  <system-err><![CDATA[]]></system-err>
</testsuite>
